<?xml version="1.0" encoding="UTF-8"?>
<testsuites name="SampleTestCasesProd" time="150" tests="4" failures="0" errors="0">
   <testsuite name="SampleTestCasesProd" tests="4" failures="0" errors="0" time="150" timestamp="2018-09-26 00:40:01" hostname="Computer - DESKTOP-JDK6SO4" id="Test Suites/SampleTestCasesProd">
      <properties>
         <property name="deviceName" value=""/>
         <property name="devicePlatform" value=""/>
         <property name="logFolder" value="C:\\Users\\Computer\\git\\SampleTestCasesImp\\Reports\\SampleTestCasesProd\\20180926_004000"/>
         <property name="logFiles" value="C:\\Users\\Computer\\git\\SampleTestCasesImp\\Reports\\SampleTestCasesProd\\20180926_004000\\execution0.log"/>
         <property name="attachments" value=""/>
         <property name="hostName" value="Computer - DESKTOP-JDK6SO4"/>
         <property name="os" value="Windows 10 64bit"/>
         <property name="katalonVersion" value="5.7.1.1"/>
         <property name="browser" value="Chrome 69.0.3497.100"/>
         <property name="hostAddress" value="192.168.100.113"/>
         <property name="sessionId" value="737153355a388930452c211edec5cb29"/>
         <property name="seleniumVersion" value="3.7.1"/>
         <property name="proxyInformation" value="ProxyInformation{proxyOption=NO_PROXY, proxyServerType=HTTP, password=, proxyServerAddress=, proxyServerPort=0}"/>
         <property name="platform" value="Windows 10"/>
      </properties>
      <testcase name="Test Cases/Login Test Case" classname="Test Cases/Login Test Case" status="PASSED">
         <system-out><![CDATA[2018-09-26 00:40:02 - [TEST_CASE][PASSED] - Test Cases/Login Test Case: Test Cases/Login Test Case

2018-09-26 00:40:02 - [TEST_STEP][PASSED] - openBrowser: Browser is opened with url: ''

2018-09-26 00:40:05 - [MESSAGE][PASSED] - Browser is opened with url: ''

2018-09-26 00:40:05 - [TEST_STEP][PASSED] - navigateToUrl: Navigate to 'https://app.convo.com/app/login/?redirect=https%3A%2F%2Fapp.convo.com%2F' successfully

2018-09-26 00:40:14 - [MESSAGE][PASSED] - Navigate to 'https://app.convo.com/app/login/?redirect=https%3A%2F%2Fapp.convo.com%2F' successfully

2018-09-26 00:40:14 - [TEST_STEP][PASSED] - maximizeWindow: Current window maximized

2018-09-26 00:40:16 - [MESSAGE][PASSED] - Current window maximized

2018-09-26 00:40:16 - [TEST_STEP][PASSED] - Statement - text = com.kms.katalon.core.webui.keyword.WebUiBuiltInKeywords.getUrl().substring(0, 5): Current window's url is: 'https://app.convo.com/app/login/?redirect=https%3A%2F%2Fapp.convo.com%2F'

2018-09-26 00:40:16 - [MESSAGE][PASSED] - Current window's url is: 'https://app.convo.com/app/login/?redirect=https%3A%2F%2Fapp.convo.com%2F'

2018-09-26 00:40:16 - [TEST_STEP][PASSED] - Statement - assert text == "https": null

2018-09-26 00:40:16 - [TEST_STEP][PASSED] - sendKeys: Keys 'mobeen.atif@convo.com' sent to object: 'Object Repository/Login Objects/Email Address'

2018-09-26 00:40:16 - [MESSAGE][PASSED] - Keys 'mobeen.atif@convo.com' sent to object: 'Object Repository/Login Objects/Email Address'

2018-09-26 00:40:16 - [TEST_STEP][PASSED] - sendKeys: Keys 'Kabul@123' sent to object: 'Object Repository/Login Objects/Password'

2018-09-26 00:40:16 - [MESSAGE][PASSED] - Keys 'Kabul@123' sent to object: 'Object Repository/Login Objects/Password'

2018-09-26 00:40:16 - [TEST_STEP][PASSED] - click: Object: 'Object Repository/Login Objects/Loginbutton' is clicked on

2018-09-26 00:40:20 - [MESSAGE][PASSED] - Object: 'Object Repository/Login Objects/Loginbutton' is clicked on

2018-09-26 00:40:20 - [TEST_STEP][PASSED] - closeBrowser: Browser is closed

2018-09-26 00:40:20 - [MESSAGE][PASSED] - Browser is closed]]></system-out>
         <system-err><![CDATA[]]></system-err>
      </testcase>
      <testcase name="Test Cases/Fetch feed items" classname="Test Cases/Fetch feed items" status="PASSED">
         <system-out><![CDATA[2018-09-26 00:40:20 - [TEST_CASE][PASSED] - Test Cases/Fetch feed items: Test Cases/Fetch feed items

2018-09-26 00:40:21 - [TEST_STEP][PASSED] - openBrowser: Browser is opened with url: ''

2018-09-26 00:40:22 - [MESSAGE][PASSED] - Browser is opened with url: ''

2018-09-26 00:40:22 - [TEST_STEP][PASSED] - navigateToUrl: Navigate to 'https://app.convo.com/app/login/?redirect=https%3A%2F%2Fapp.convo.com%2F' successfully

2018-09-26 00:40:33 - [MESSAGE][PASSED] - Navigate to 'https://app.convo.com/app/login/?redirect=https%3A%2F%2Fapp.convo.com%2F' successfully

2018-09-26 00:40:33 - [TEST_STEP][PASSED] - maximizeWindow: Current window maximized

2018-09-26 00:40:34 - [MESSAGE][PASSED] - Current window maximized

2018-09-26 00:40:34 - [TEST_STEP][PASSED] - Statement - text = com.kms.katalon.core.webui.keyword.WebUiBuiltInKeywords.getUrl().substring(0, 5): Current window's url is: 'https://app.convo.com/app/login/?redirect=https%3A%2F%2Fapp.convo.com%2F'

2018-09-26 00:40:34 - [MESSAGE][PASSED] - Current window's url is: 'https://app.convo.com/app/login/?redirect=https%3A%2F%2Fapp.convo.com%2F'

2018-09-26 00:40:34 - [TEST_STEP][PASSED] - Statement - assert text == "https": null

2018-09-26 00:40:34 - [TEST_STEP][PASSED] - sendKeys: Keys 'mobeen.atif@convo.com' sent to object: 'Object Repository/Login Objects/Email Address'

2018-09-26 00:40:34 - [MESSAGE][PASSED] - Keys 'mobeen.atif@convo.com' sent to object: 'Object Repository/Login Objects/Email Address'

2018-09-26 00:40:34 - [TEST_STEP][PASSED] - sendKeys: Keys 'Kabul@123' sent to object: 'Object Repository/Login Objects/Password'

2018-09-26 00:40:34 - [MESSAGE][PASSED] - Keys 'Kabul@123' sent to object: 'Object Repository/Login Objects/Password'

2018-09-26 00:40:34 - [TEST_STEP][PASSED] - click: Object: 'Object Repository/Login Objects/Loginbutton' is clicked on

2018-09-26 00:40:37 - [MESSAGE][PASSED] - Object: 'Object Repository/Login Objects/Loginbutton' is clicked on

2018-09-26 00:40:37 - [TEST_STEP][PASSED] - waitForAngularLoad: Angular is ready.

2018-09-26 00:40:37 - [MESSAGE][PASSED] - Angular is ready.

2018-09-26 00:40:37 - [TEST_STEP][PASSED] - Statement - driver = com.kms.katalon.core.webui.driver.DriverFactory.getWebDriver(): null

2018-09-26 00:40:37 - [TEST_STEP][PASSED] - Statement - feedcount = driver.findElements(org.openqa.selenium.By.xpath("//cnv-feed-item")).size(): null

2018-09-26 00:40:37 - [TEST_STEP][PASSED] - Statement - println("This is feed items count without the scroll" + feedcount): null

2018-09-26 00:40:37 - [TEST_STEP][PASSED] - delay: Delayed 20 second(s)

2018-09-26 00:40:57 - [MESSAGE][PASSED] - Delayed 20 second(s)

2018-09-26 00:40:57 - [TEST_STEP][PASSED] - Statement - i = 0: null

2018-09-26 00:40:57 - [TEST_STEP][PASSED] - Statement - While (i < 50): null

2018-09-26 00:40:57 - [TEST_STEP][PASSED] - Statement - actions = new org.openqa.selenium.interactions.Actions(driver): null

2018-09-26 00:40:57 - [TEST_STEP][PASSED] - Statement - actions.moveToElement(driver.findElement(org.openqa.selenium.By.xpath("//div[@id='feedScroller']"))): null

2018-09-26 00:40:57 - [TEST_STEP][PASSED] - Statement - actions.sendKeys(ARROW_DOWN): null

2018-09-26 00:40:57 - [TEST_STEP][PASSED] - Statement - actions.build().perform(): null

2018-09-26 00:40:57 - [TEST_STEP][PASSED] - Statement - i = i + 1: null

2018-09-26 00:40:57 - [TEST_STEP][PASSED] - Statement - actions = new org.openqa.selenium.interactions.Actions(driver): null

2018-09-26 00:40:57 - [TEST_STEP][PASSED] - Statement - actions.moveToElement(driver.findElement(org.openqa.selenium.By.xpath("//div[@id='feedScroller']"))): null

2018-09-26 00:40:57 - [TEST_STEP][PASSED] - Statement - actions.sendKeys(ARROW_DOWN): null

2018-09-26 00:40:57 - [TEST_STEP][PASSED] - Statement - actions.build().perform(): null

2018-09-26 00:40:57 - [TEST_STEP][PASSED] - Statement - i = i + 1: null

2018-09-26 00:40:57 - [TEST_STEP][PASSED] - Statement - actions = new org.openqa.selenium.interactions.Actions(driver): null

2018-09-26 00:40:57 - [TEST_STEP][PASSED] - Statement - actions.moveToElement(driver.findElement(org.openqa.selenium.By.xpath("//div[@id='feedScroller']"))): null

2018-09-26 00:40:57 - [TEST_STEP][PASSED] - Statement - actions.sendKeys(ARROW_DOWN): null

2018-09-26 00:40:57 - [TEST_STEP][PASSED] - Statement - actions.build().perform(): null

2018-09-26 00:40:57 - [TEST_STEP][PASSED] - Statement - i = i + 1: null

2018-09-26 00:40:57 - [TEST_STEP][PASSED] - Statement - actions = new org.openqa.selenium.interactions.Actions(driver): null

2018-09-26 00:40:57 - [TEST_STEP][PASSED] - Statement - actions.moveToElement(driver.findElement(org.openqa.selenium.By.xpath("//div[@id='feedScroller']"))): null

2018-09-26 00:40:57 - [TEST_STEP][PASSED] - Statement - actions.sendKeys(ARROW_DOWN): null

2018-09-26 00:40:57 - [TEST_STEP][PASSED] - Statement - actions.build().perform(): null

2018-09-26 00:40:57 - [TEST_STEP][PASSED] - Statement - i = i + 1: null

2018-09-26 00:40:57 - [TEST_STEP][PASSED] - Statement - actions = new org.openqa.selenium.interactions.Actions(driver): null

2018-09-26 00:40:57 - [TEST_STEP][PASSED] - Statement - actions.moveToElement(driver.findElement(org.openqa.selenium.By.xpath("//div[@id='feedScroller']"))): null

2018-09-26 00:40:57 - [TEST_STEP][PASSED] - Statement - actions.sendKeys(ARROW_DOWN): null

2018-09-26 00:40:57 - [TEST_STEP][PASSED] - Statement - actions.build().perform(): null

2018-09-26 00:40:57 - [TEST_STEP][PASSED] - Statement - i = i + 1: null

2018-09-26 00:40:57 - [TEST_STEP][PASSED] - Statement - actions = new org.openqa.selenium.interactions.Actions(driver): null

2018-09-26 00:40:57 - [TEST_STEP][PASSED] - Statement - actions.moveToElement(driver.findElement(org.openqa.selenium.By.xpath("//div[@id='feedScroller']"))): null

2018-09-26 00:40:57 - [TEST_STEP][PASSED] - Statement - actions.sendKeys(ARROW_DOWN): null

2018-09-26 00:40:57 - [TEST_STEP][PASSED] - Statement - actions.build().perform(): null

2018-09-26 00:40:57 - [TEST_STEP][PASSED] - Statement - i = i + 1: null

2018-09-26 00:40:57 - [TEST_STEP][PASSED] - Statement - actions = new org.openqa.selenium.interactions.Actions(driver): null

2018-09-26 00:40:57 - [TEST_STEP][PASSED] - Statement - actions.moveToElement(driver.findElement(org.openqa.selenium.By.xpath("//div[@id='feedScroller']"))): null

2018-09-26 00:40:57 - [TEST_STEP][PASSED] - Statement - actions.sendKeys(ARROW_DOWN): null

2018-09-26 00:40:57 - [TEST_STEP][PASSED] - Statement - actions.build().perform(): null

2018-09-26 00:40:57 - [TEST_STEP][PASSED] - Statement - i = i + 1: null

2018-09-26 00:40:57 - [TEST_STEP][PASSED] - Statement - actions = new org.openqa.selenium.interactions.Actions(driver): null

2018-09-26 00:40:57 - [TEST_STEP][PASSED] - Statement - actions.moveToElement(driver.findElement(org.openqa.selenium.By.xpath("//div[@id='feedScroller']"))): null

2018-09-26 00:40:57 - [TEST_STEP][PASSED] - Statement - actions.sendKeys(ARROW_DOWN): null

2018-09-26 00:40:57 - [TEST_STEP][PASSED] - Statement - actions.build().perform(): null

2018-09-26 00:40:57 - [TEST_STEP][PASSED] - Statement - i = i + 1: null

2018-09-26 00:40:57 - [TEST_STEP][PASSED] - Statement - actions = new org.openqa.selenium.interactions.Actions(driver): null

2018-09-26 00:40:57 - [TEST_STEP][PASSED] - Statement - actions.moveToElement(driver.findElement(org.openqa.selenium.By.xpath("//div[@id='feedScroller']"))): null

2018-09-26 00:40:57 - [TEST_STEP][PASSED] - Statement - actions.sendKeys(ARROW_DOWN): null

2018-09-26 00:40:57 - [TEST_STEP][PASSED] - Statement - actions.build().perform(): null

2018-09-26 00:40:58 - [TEST_STEP][PASSED] - Statement - i = i + 1: null

2018-09-26 00:40:58 - [TEST_STEP][PASSED] - Statement - actions = new org.openqa.selenium.interactions.Actions(driver): null

2018-09-26 00:40:58 - [TEST_STEP][PASSED] - Statement - actions.moveToElement(driver.findElement(org.openqa.selenium.By.xpath("//div[@id='feedScroller']"))): null

2018-09-26 00:40:58 - [TEST_STEP][PASSED] - Statement - actions.sendKeys(ARROW_DOWN): null

2018-09-26 00:40:58 - [TEST_STEP][PASSED] - Statement - actions.build().perform(): null

2018-09-26 00:40:58 - [TEST_STEP][PASSED] - Statement - i = i + 1: null

2018-09-26 00:40:58 - [TEST_STEP][PASSED] - Statement - actions = new org.openqa.selenium.interactions.Actions(driver): null

2018-09-26 00:40:58 - [TEST_STEP][PASSED] - Statement - actions.moveToElement(driver.findElement(org.openqa.selenium.By.xpath("//div[@id='feedScroller']"))): null

2018-09-26 00:40:58 - [TEST_STEP][PASSED] - Statement - actions.sendKeys(ARROW_DOWN): null

2018-09-26 00:40:58 - [TEST_STEP][PASSED] - Statement - actions.build().perform(): null

2018-09-26 00:40:58 - [TEST_STEP][PASSED] - Statement - i = i + 1: null

2018-09-26 00:40:58 - [TEST_STEP][PASSED] - Statement - actions = new org.openqa.selenium.interactions.Actions(driver): null

2018-09-26 00:40:58 - [TEST_STEP][PASSED] - Statement - actions.moveToElement(driver.findElement(org.openqa.selenium.By.xpath("//div[@id='feedScroller']"))): null

2018-09-26 00:40:58 - [TEST_STEP][PASSED] - Statement - actions.sendKeys(ARROW_DOWN): null

2018-09-26 00:40:58 - [TEST_STEP][PASSED] - Statement - actions.build().perform(): null

2018-09-26 00:40:58 - [TEST_STEP][PASSED] - Statement - i = i + 1: null

2018-09-26 00:40:58 - [TEST_STEP][PASSED] - Statement - actions = new org.openqa.selenium.interactions.Actions(driver): null

2018-09-26 00:40:58 - [TEST_STEP][PASSED] - Statement - actions.moveToElement(driver.findElement(org.openqa.selenium.By.xpath("//div[@id='feedScroller']"))): null

2018-09-26 00:40:58 - [TEST_STEP][PASSED] - Statement - actions.sendKeys(ARROW_DOWN): null

2018-09-26 00:40:58 - [TEST_STEP][PASSED] - Statement - actions.build().perform(): null

2018-09-26 00:40:58 - [TEST_STEP][PASSED] - Statement - i = i + 1: null

2018-09-26 00:40:58 - [TEST_STEP][PASSED] - Statement - actions = new org.openqa.selenium.interactions.Actions(driver): null

2018-09-26 00:40:58 - [TEST_STEP][PASSED] - Statement - actions.moveToElement(driver.findElement(org.openqa.selenium.By.xpath("//div[@id='feedScroller']"))): null

2018-09-26 00:40:58 - [TEST_STEP][PASSED] - Statement - actions.sendKeys(ARROW_DOWN): null

2018-09-26 00:40:58 - [TEST_STEP][PASSED] - Statement - actions.build().perform(): null

2018-09-26 00:40:58 - [TEST_STEP][PASSED] - Statement - i = i + 1: null

2018-09-26 00:40:58 - [TEST_STEP][PASSED] - Statement - actions = new org.openqa.selenium.interactions.Actions(driver): null

2018-09-26 00:40:58 - [TEST_STEP][PASSED] - Statement - actions.moveToElement(driver.findElement(org.openqa.selenium.By.xpath("//div[@id='feedScroller']"))): null

2018-09-26 00:40:58 - [TEST_STEP][PASSED] - Statement - actions.sendKeys(ARROW_DOWN): null

2018-09-26 00:40:58 - [TEST_STEP][PASSED] - Statement - actions.build().perform(): null

2018-09-26 00:40:58 - [TEST_STEP][PASSED] - Statement - i = i + 1: null

2018-09-26 00:40:58 - [TEST_STEP][PASSED] - Statement - actions = new org.openqa.selenium.interactions.Actions(driver): null

2018-09-26 00:40:58 - [TEST_STEP][PASSED] - Statement - actions.moveToElement(driver.findElement(org.openqa.selenium.By.xpath("//div[@id='feedScroller']"))): null

2018-09-26 00:40:58 - [TEST_STEP][PASSED] - Statement - actions.sendKeys(ARROW_DOWN): null

2018-09-26 00:40:58 - [TEST_STEP][PASSED] - Statement - actions.build().perform(): null

2018-09-26 00:40:58 - [TEST_STEP][PASSED] - Statement - i = i + 1: null

2018-09-26 00:40:58 - [TEST_STEP][PASSED] - Statement - actions = new org.openqa.selenium.interactions.Actions(driver): null

2018-09-26 00:40:58 - [TEST_STEP][PASSED] - Statement - actions.moveToElement(driver.findElement(org.openqa.selenium.By.xpath("//div[@id='feedScroller']"))): null

2018-09-26 00:40:58 - [TEST_STEP][PASSED] - Statement - actions.sendKeys(ARROW_DOWN): null

2018-09-26 00:40:58 - [TEST_STEP][PASSED] - Statement - actions.build().perform(): null

2018-09-26 00:40:58 - [TEST_STEP][PASSED] - Statement - i = i + 1: null

2018-09-26 00:40:58 - [TEST_STEP][PASSED] - Statement - actions = new org.openqa.selenium.interactions.Actions(driver): null

2018-09-26 00:40:58 - [TEST_STEP][PASSED] - Statement - actions.moveToElement(driver.findElement(org.openqa.selenium.By.xpath("//div[@id='feedScroller']"))): null

2018-09-26 00:40:58 - [TEST_STEP][PASSED] - Statement - actions.sendKeys(ARROW_DOWN): null

2018-09-26 00:40:58 - [TEST_STEP][PASSED] - Statement - actions.build().perform(): null

2018-09-26 00:40:58 - [TEST_STEP][PASSED] - Statement - i = i + 1: null

2018-09-26 00:40:58 - [TEST_STEP][PASSED] - Statement - actions = new org.openqa.selenium.interactions.Actions(driver): null

2018-09-26 00:40:58 - [TEST_STEP][PASSED] - Statement - actions.moveToElement(driver.findElement(org.openqa.selenium.By.xpath("//div[@id='feedScroller']"))): null

2018-09-26 00:40:58 - [TEST_STEP][PASSED] - Statement - actions.sendKeys(ARROW_DOWN): null

2018-09-26 00:40:58 - [TEST_STEP][PASSED] - Statement - actions.build().perform(): null

2018-09-26 00:40:58 - [TEST_STEP][PASSED] - Statement - i = i + 1: null

2018-09-26 00:40:58 - [TEST_STEP][PASSED] - Statement - actions = new org.openqa.selenium.interactions.Actions(driver): null

2018-09-26 00:40:58 - [TEST_STEP][PASSED] - Statement - actions.moveToElement(driver.findElement(org.openqa.selenium.By.xpath("//div[@id='feedScroller']"))): null

2018-09-26 00:40:58 - [TEST_STEP][PASSED] - Statement - actions.sendKeys(ARROW_DOWN): null

2018-09-26 00:40:58 - [TEST_STEP][PASSED] - Statement - actions.build().perform(): null

2018-09-26 00:40:58 - [TEST_STEP][PASSED] - Statement - i = i + 1: null

2018-09-26 00:40:58 - [TEST_STEP][PASSED] - Statement - actions = new org.openqa.selenium.interactions.Actions(driver): null

2018-09-26 00:40:58 - [TEST_STEP][PASSED] - Statement - actions.moveToElement(driver.findElement(org.openqa.selenium.By.xpath("//div[@id='feedScroller']"))): null

2018-09-26 00:40:58 - [TEST_STEP][PASSED] - Statement - actions.sendKeys(ARROW_DOWN): null

2018-09-26 00:40:58 - [TEST_STEP][PASSED] - Statement - actions.build().perform(): null

2018-09-26 00:40:58 - [TEST_STEP][PASSED] - Statement - i = i + 1: null

2018-09-26 00:40:58 - [TEST_STEP][PASSED] - Statement - actions = new org.openqa.selenium.interactions.Actions(driver): null

2018-09-26 00:40:58 - [TEST_STEP][PASSED] - Statement - actions.moveToElement(driver.findElement(org.openqa.selenium.By.xpath("//div[@id='feedScroller']"))): null

2018-09-26 00:40:58 - [TEST_STEP][PASSED] - Statement - actions.sendKeys(ARROW_DOWN): null

2018-09-26 00:40:58 - [TEST_STEP][PASSED] - Statement - actions.build().perform(): null

2018-09-26 00:40:58 - [TEST_STEP][PASSED] - Statement - i = i + 1: null

2018-09-26 00:40:58 - [TEST_STEP][PASSED] - Statement - actions = new org.openqa.selenium.interactions.Actions(driver): null

2018-09-26 00:40:58 - [TEST_STEP][PASSED] - Statement - actions.moveToElement(driver.findElement(org.openqa.selenium.By.xpath("//div[@id='feedScroller']"))): null

2018-09-26 00:40:58 - [TEST_STEP][PASSED] - Statement - actions.sendKeys(ARROW_DOWN): null

2018-09-26 00:40:58 - [TEST_STEP][PASSED] - Statement - actions.build().perform(): null

2018-09-26 00:40:58 - [TEST_STEP][PASSED] - Statement - i = i + 1: null

2018-09-26 00:40:58 - [TEST_STEP][PASSED] - Statement - actions = new org.openqa.selenium.interactions.Actions(driver): null

2018-09-26 00:40:58 - [TEST_STEP][PASSED] - Statement - actions.moveToElement(driver.findElement(org.openqa.selenium.By.xpath("//div[@id='feedScroller']"))): null

2018-09-26 00:40:58 - [TEST_STEP][PASSED] - Statement - actions.sendKeys(ARROW_DOWN): null

2018-09-26 00:40:58 - [TEST_STEP][PASSED] - Statement - actions.build().perform(): null

2018-09-26 00:40:58 - [TEST_STEP][PASSED] - Statement - i = i + 1: null

2018-09-26 00:40:58 - [TEST_STEP][PASSED] - Statement - actions = new org.openqa.selenium.interactions.Actions(driver): null

2018-09-26 00:40:58 - [TEST_STEP][PASSED] - Statement - actions.moveToElement(driver.findElement(org.openqa.selenium.By.xpath("//div[@id='feedScroller']"))): null

2018-09-26 00:40:58 - [TEST_STEP][PASSED] - Statement - actions.sendKeys(ARROW_DOWN): null

2018-09-26 00:40:58 - [TEST_STEP][PASSED] - Statement - actions.build().perform(): null

2018-09-26 00:40:58 - [TEST_STEP][PASSED] - Statement - i = i + 1: null

2018-09-26 00:40:58 - [TEST_STEP][PASSED] - Statement - actions = new org.openqa.selenium.interactions.Actions(driver): null

2018-09-26 00:40:58 - [TEST_STEP][PASSED] - Statement - actions.moveToElement(driver.findElement(org.openqa.selenium.By.xpath("//div[@id='feedScroller']"))): null

2018-09-26 00:40:58 - [TEST_STEP][PASSED] - Statement - actions.sendKeys(ARROW_DOWN): null

2018-09-26 00:40:58 - [TEST_STEP][PASSED] - Statement - actions.build().perform(): null

2018-09-26 00:40:58 - [TEST_STEP][PASSED] - Statement - i = i + 1: null

2018-09-26 00:40:58 - [TEST_STEP][PASSED] - Statement - actions = new org.openqa.selenium.interactions.Actions(driver): null

2018-09-26 00:40:58 - [TEST_STEP][PASSED] - Statement - actions.moveToElement(driver.findElement(org.openqa.selenium.By.xpath("//div[@id='feedScroller']"))): null

2018-09-26 00:40:58 - [TEST_STEP][PASSED] - Statement - actions.sendKeys(ARROW_DOWN): null

2018-09-26 00:40:58 - [TEST_STEP][PASSED] - Statement - actions.build().perform(): null

2018-09-26 00:40:58 - [TEST_STEP][PASSED] - Statement - i = i + 1: null

2018-09-26 00:40:58 - [TEST_STEP][PASSED] - Statement - actions = new org.openqa.selenium.interactions.Actions(driver): null

2018-09-26 00:40:58 - [TEST_STEP][PASSED] - Statement - actions.moveToElement(driver.findElement(org.openqa.selenium.By.xpath("//div[@id='feedScroller']"))): null

2018-09-26 00:40:58 - [TEST_STEP][PASSED] - Statement - actions.sendKeys(ARROW_DOWN): null

2018-09-26 00:40:58 - [TEST_STEP][PASSED] - Statement - actions.build().perform(): null

2018-09-26 00:40:58 - [TEST_STEP][PASSED] - Statement - i = i + 1: null

2018-09-26 00:40:58 - [TEST_STEP][PASSED] - Statement - actions = new org.openqa.selenium.interactions.Actions(driver): null

2018-09-26 00:40:58 - [TEST_STEP][PASSED] - Statement - actions.moveToElement(driver.findElement(org.openqa.selenium.By.xpath("//div[@id='feedScroller']"))): null

2018-09-26 00:40:58 - [TEST_STEP][PASSED] - Statement - actions.sendKeys(ARROW_DOWN): null

2018-09-26 00:40:58 - [TEST_STEP][PASSED] - Statement - actions.build().perform(): null

2018-09-26 00:40:58 - [TEST_STEP][PASSED] - Statement - i = i + 1: null

2018-09-26 00:40:58 - [TEST_STEP][PASSED] - Statement - actions = new org.openqa.selenium.interactions.Actions(driver): null

2018-09-26 00:40:58 - [TEST_STEP][PASSED] - Statement - actions.moveToElement(driver.findElement(org.openqa.selenium.By.xpath("//div[@id='feedScroller']"))): null

2018-09-26 00:40:58 - [TEST_STEP][PASSED] - Statement - actions.sendKeys(ARROW_DOWN): null

2018-09-26 00:40:58 - [TEST_STEP][PASSED] - Statement - actions.build().perform(): null

2018-09-26 00:40:58 - [TEST_STEP][PASSED] - Statement - i = i + 1: null

2018-09-26 00:40:58 - [TEST_STEP][PASSED] - Statement - actions = new org.openqa.selenium.interactions.Actions(driver): null

2018-09-26 00:40:58 - [TEST_STEP][PASSED] - Statement - actions.moveToElement(driver.findElement(org.openqa.selenium.By.xpath("//div[@id='feedScroller']"))): null

2018-09-26 00:40:58 - [TEST_STEP][PASSED] - Statement - actions.sendKeys(ARROW_DOWN): null

2018-09-26 00:40:58 - [TEST_STEP][PASSED] - Statement - actions.build().perform(): null

2018-09-26 00:40:58 - [TEST_STEP][PASSED] - Statement - i = i + 1: null

2018-09-26 00:40:58 - [TEST_STEP][PASSED] - Statement - actions = new org.openqa.selenium.interactions.Actions(driver): null

2018-09-26 00:40:58 - [TEST_STEP][PASSED] - Statement - actions.moveToElement(driver.findElement(org.openqa.selenium.By.xpath("//div[@id='feedScroller']"))): null

2018-09-26 00:40:58 - [TEST_STEP][PASSED] - Statement - actions.sendKeys(ARROW_DOWN): null

2018-09-26 00:40:58 - [TEST_STEP][PASSED] - Statement - actions.build().perform(): null

2018-09-26 00:40:58 - [TEST_STEP][PASSED] - Statement - i = i + 1: null

2018-09-26 00:40:58 - [TEST_STEP][PASSED] - Statement - actions = new org.openqa.selenium.interactions.Actions(driver): null

2018-09-26 00:40:58 - [TEST_STEP][PASSED] - Statement - actions.moveToElement(driver.findElement(org.openqa.selenium.By.xpath("//div[@id='feedScroller']"))): null

2018-09-26 00:40:58 - [TEST_STEP][PASSED] - Statement - actions.sendKeys(ARROW_DOWN): null

2018-09-26 00:40:58 - [TEST_STEP][PASSED] - Statement - actions.build().perform(): null

2018-09-26 00:40:58 - [TEST_STEP][PASSED] - Statement - i = i + 1: null

2018-09-26 00:40:58 - [TEST_STEP][PASSED] - Statement - actions = new org.openqa.selenium.interactions.Actions(driver): null

2018-09-26 00:40:58 - [TEST_STEP][PASSED] - Statement - actions.moveToElement(driver.findElement(org.openqa.selenium.By.xpath("//div[@id='feedScroller']"))): null

2018-09-26 00:40:58 - [TEST_STEP][PASSED] - Statement - actions.sendKeys(ARROW_DOWN): null

2018-09-26 00:40:58 - [TEST_STEP][PASSED] - Statement - actions.build().perform(): null

2018-09-26 00:40:58 - [TEST_STEP][PASSED] - Statement - i = i + 1: null

2018-09-26 00:40:58 - [TEST_STEP][PASSED] - Statement - actions = new org.openqa.selenium.interactions.Actions(driver): null

2018-09-26 00:40:58 - [TEST_STEP][PASSED] - Statement - actions.moveToElement(driver.findElement(org.openqa.selenium.By.xpath("//div[@id='feedScroller']"))): null

2018-09-26 00:40:58 - [TEST_STEP][PASSED] - Statement - actions.sendKeys(ARROW_DOWN): null

2018-09-26 00:40:58 - [TEST_STEP][PASSED] - Statement - actions.build().perform(): null

2018-09-26 00:40:58 - [TEST_STEP][PASSED] - Statement - i = i + 1: null

2018-09-26 00:40:58 - [TEST_STEP][PASSED] - Statement - actions = new org.openqa.selenium.interactions.Actions(driver): null

2018-09-26 00:40:58 - [TEST_STEP][PASSED] - Statement - actions.moveToElement(driver.findElement(org.openqa.selenium.By.xpath("//div[@id='feedScroller']"))): null

2018-09-26 00:40:58 - [TEST_STEP][PASSED] - Statement - actions.sendKeys(ARROW_DOWN): null

2018-09-26 00:40:58 - [TEST_STEP][PASSED] - Statement - actions.build().perform(): null

2018-09-26 00:40:58 - [TEST_STEP][PASSED] - Statement - i = i + 1: null

2018-09-26 00:40:58 - [TEST_STEP][PASSED] - Statement - actions = new org.openqa.selenium.interactions.Actions(driver): null

2018-09-26 00:40:58 - [TEST_STEP][PASSED] - Statement - actions.moveToElement(driver.findElement(org.openqa.selenium.By.xpath("//div[@id='feedScroller']"))): null

2018-09-26 00:40:58 - [TEST_STEP][PASSED] - Statement - actions.sendKeys(ARROW_DOWN): null

2018-09-26 00:40:58 - [TEST_STEP][PASSED] - Statement - actions.build().perform(): null

2018-09-26 00:40:58 - [TEST_STEP][PASSED] - Statement - i = i + 1: null

2018-09-26 00:40:58 - [TEST_STEP][PASSED] - Statement - actions = new org.openqa.selenium.interactions.Actions(driver): null

2018-09-26 00:40:58 - [TEST_STEP][PASSED] - Statement - actions.moveToElement(driver.findElement(org.openqa.selenium.By.xpath("//div[@id='feedScroller']"))): null

2018-09-26 00:40:58 - [TEST_STEP][PASSED] - Statement - actions.sendKeys(ARROW_DOWN): null

2018-09-26 00:40:58 - [TEST_STEP][PASSED] - Statement - actions.build().perform(): null

2018-09-26 00:40:58 - [TEST_STEP][PASSED] - Statement - i = i + 1: null

2018-09-26 00:40:58 - [TEST_STEP][PASSED] - Statement - actions = new org.openqa.selenium.interactions.Actions(driver): null

2018-09-26 00:40:58 - [TEST_STEP][PASSED] - Statement - actions.moveToElement(driver.findElement(org.openqa.selenium.By.xpath("//div[@id='feedScroller']"))): null

2018-09-26 00:40:58 - [TEST_STEP][PASSED] - Statement - actions.sendKeys(ARROW_DOWN): null

2018-09-26 00:40:58 - [TEST_STEP][PASSED] - Statement - actions.build().perform(): null

2018-09-26 00:40:58 - [TEST_STEP][PASSED] - Statement - i = i + 1: null

2018-09-26 00:40:58 - [TEST_STEP][PASSED] - Statement - actions = new org.openqa.selenium.interactions.Actions(driver): null

2018-09-26 00:40:58 - [TEST_STEP][PASSED] - Statement - actions.moveToElement(driver.findElement(org.openqa.selenium.By.xpath("//div[@id='feedScroller']"))): null

2018-09-26 00:40:58 - [TEST_STEP][PASSED] - Statement - actions.sendKeys(ARROW_DOWN): null

2018-09-26 00:40:58 - [TEST_STEP][PASSED] - Statement - actions.build().perform(): null

2018-09-26 00:40:58 - [TEST_STEP][PASSED] - Statement - i = i + 1: null

2018-09-26 00:40:58 - [TEST_STEP][PASSED] - Statement - actions = new org.openqa.selenium.interactions.Actions(driver): null

2018-09-26 00:40:58 - [TEST_STEP][PASSED] - Statement - actions.moveToElement(driver.findElement(org.openqa.selenium.By.xpath("//div[@id='feedScroller']"))): null

2018-09-26 00:40:58 - [TEST_STEP][PASSED] - Statement - actions.sendKeys(ARROW_DOWN): null

2018-09-26 00:40:58 - [TEST_STEP][PASSED] - Statement - actions.build().perform(): null

2018-09-26 00:40:58 - [TEST_STEP][PASSED] - Statement - i = i + 1: null

2018-09-26 00:40:58 - [TEST_STEP][PASSED] - Statement - actions = new org.openqa.selenium.interactions.Actions(driver): null

2018-09-26 00:40:58 - [TEST_STEP][PASSED] - Statement - actions.moveToElement(driver.findElement(org.openqa.selenium.By.xpath("//div[@id='feedScroller']"))): null

2018-09-26 00:40:58 - [TEST_STEP][PASSED] - Statement - actions.sendKeys(ARROW_DOWN): null

2018-09-26 00:40:58 - [TEST_STEP][PASSED] - Statement - actions.build().perform(): null

2018-09-26 00:40:58 - [TEST_STEP][PASSED] - Statement - i = i + 1: null

2018-09-26 00:40:58 - [TEST_STEP][PASSED] - Statement - actions = new org.openqa.selenium.interactions.Actions(driver): null

2018-09-26 00:40:58 - [TEST_STEP][PASSED] - Statement - actions.moveToElement(driver.findElement(org.openqa.selenium.By.xpath("//div[@id='feedScroller']"))): null

2018-09-26 00:40:58 - [TEST_STEP][PASSED] - Statement - actions.sendKeys(ARROW_DOWN): null

2018-09-26 00:40:58 - [TEST_STEP][PASSED] - Statement - actions.build().perform(): null

2018-09-26 00:40:58 - [TEST_STEP][PASSED] - Statement - i = i + 1: null

2018-09-26 00:40:58 - [TEST_STEP][PASSED] - Statement - actions = new org.openqa.selenium.interactions.Actions(driver): null

2018-09-26 00:40:58 - [TEST_STEP][PASSED] - Statement - actions.moveToElement(driver.findElement(org.openqa.selenium.By.xpath("//div[@id='feedScroller']"))): null

2018-09-26 00:40:58 - [TEST_STEP][PASSED] - Statement - actions.sendKeys(ARROW_DOWN): null

2018-09-26 00:40:58 - [TEST_STEP][PASSED] - Statement - actions.build().perform(): null

2018-09-26 00:40:58 - [TEST_STEP][PASSED] - Statement - i = i + 1: null

2018-09-26 00:40:58 - [TEST_STEP][PASSED] - Statement - actions = new org.openqa.selenium.interactions.Actions(driver): null

2018-09-26 00:40:58 - [TEST_STEP][PASSED] - Statement - actions.moveToElement(driver.findElement(org.openqa.selenium.By.xpath("//div[@id='feedScroller']"))): null

2018-09-26 00:40:58 - [TEST_STEP][PASSED] - Statement - actions.sendKeys(ARROW_DOWN): null

2018-09-26 00:40:58 - [TEST_STEP][PASSED] - Statement - actions.build().perform(): null

2018-09-26 00:40:58 - [TEST_STEP][PASSED] - Statement - i = i + 1: null

2018-09-26 00:40:58 - [TEST_STEP][PASSED] - Statement - actions = new org.openqa.selenium.interactions.Actions(driver): null

2018-09-26 00:40:58 - [TEST_STEP][PASSED] - Statement - actions.moveToElement(driver.findElement(org.openqa.selenium.By.xpath("//div[@id='feedScroller']"))): null

2018-09-26 00:40:58 - [TEST_STEP][PASSED] - Statement - actions.sendKeys(ARROW_DOWN): null

2018-09-26 00:40:58 - [TEST_STEP][PASSED] - Statement - actions.build().perform(): null

2018-09-26 00:40:58 - [TEST_STEP][PASSED] - Statement - i = i + 1: null

2018-09-26 00:40:58 - [TEST_STEP][PASSED] - Statement - actions = new org.openqa.selenium.interactions.Actions(driver): null

2018-09-26 00:40:58 - [TEST_STEP][PASSED] - Statement - actions.moveToElement(driver.findElement(org.openqa.selenium.By.xpath("//div[@id='feedScroller']"))): null

2018-09-26 00:40:58 - [TEST_STEP][PASSED] - Statement - actions.sendKeys(ARROW_DOWN): null

2018-09-26 00:40:58 - [TEST_STEP][PASSED] - Statement - actions.build().perform(): null

2018-09-26 00:40:58 - [TEST_STEP][PASSED] - Statement - i = i + 1: null

2018-09-26 00:40:58 - [TEST_STEP][PASSED] - Statement - actions = new org.openqa.selenium.interactions.Actions(driver): null

2018-09-26 00:40:58 - [TEST_STEP][PASSED] - Statement - actions.moveToElement(driver.findElement(org.openqa.selenium.By.xpath("//div[@id='feedScroller']"))): null

2018-09-26 00:40:58 - [TEST_STEP][PASSED] - Statement - actions.sendKeys(ARROW_DOWN): null

2018-09-26 00:40:58 - [TEST_STEP][PASSED] - Statement - actions.build().perform(): null

2018-09-26 00:40:58 - [TEST_STEP][PASSED] - Statement - i = i + 1: null

2018-09-26 00:40:58 - [TEST_STEP][PASSED] - Statement - actions = new org.openqa.selenium.interactions.Actions(driver): null

2018-09-26 00:40:58 - [TEST_STEP][PASSED] - Statement - actions.moveToElement(driver.findElement(org.openqa.selenium.By.xpath("//div[@id='feedScroller']"))): null

2018-09-26 00:40:58 - [TEST_STEP][PASSED] - Statement - actions.sendKeys(ARROW_DOWN): null

2018-09-26 00:40:58 - [TEST_STEP][PASSED] - Statement - actions.build().perform(): null

2018-09-26 00:40:59 - [TEST_STEP][PASSED] - Statement - i = i + 1: null

2018-09-26 00:40:59 - [TEST_STEP][PASSED] - Statement - actions = new org.openqa.selenium.interactions.Actions(driver): null

2018-09-26 00:40:59 - [TEST_STEP][PASSED] - Statement - actions.moveToElement(driver.findElement(org.openqa.selenium.By.xpath("//div[@id='feedScroller']"))): null

2018-09-26 00:40:59 - [TEST_STEP][PASSED] - Statement - actions.sendKeys(ARROW_DOWN): null

2018-09-26 00:40:59 - [TEST_STEP][PASSED] - Statement - actions.build().perform(): null

2018-09-26 00:40:59 - [TEST_STEP][PASSED] - Statement - i = i + 1: null

2018-09-26 00:40:59 - [TEST_STEP][PASSED] - delay: Delayed 20 second(s)

2018-09-26 00:41:19 - [MESSAGE][PASSED] - Delayed 20 second(s)

2018-09-26 00:41:19 - [TEST_STEP][PASSED] - Statement - feedcount2 = driver.findElements(org.openqa.selenium.By.xpath("//cnv-feed-item")).size(): null

2018-09-26 00:41:19 - [TEST_STEP][PASSED] - Statement - println("This is feed items count with the scroll" + feedcount2): null

2018-09-26 00:41:19 - [TEST_STEP][PASSED] - closeBrowser: Browser is closed

2018-09-26 00:41:19 - [MESSAGE][PASSED] - Browser is closed]]></system-out>
         <system-err><![CDATA[]]></system-err>
      </testcase>
      <testcase name="Test Cases/Public and private groups count" classname="Test Cases/Public and private groups count" status="PASSED">
         <system-out><![CDATA[2018-09-26 00:41:19 - [TEST_CASE][PASSED] - Test Cases/Public and private groups count: Test Cases/Public and private groups count

2018-09-26 00:41:19 - [TEST_STEP][PASSED] - openBrowser: Browser is opened with url: ''

2018-09-26 00:41:21 - [MESSAGE][PASSED] - Browser is opened with url: ''

2018-09-26 00:41:21 - [TEST_STEP][PASSED] - navigateToUrl: Navigate to 'https://app.convo.com/app/login/?redirect=https%3A%2F%2Fapp.convo.com%2F' successfully

2018-09-26 00:41:27 - [MESSAGE][PASSED] - Navigate to 'https://app.convo.com/app/login/?redirect=https%3A%2F%2Fapp.convo.com%2F' successfully

2018-09-26 00:41:27 - [TEST_STEP][PASSED] - maximizeWindow: Current window maximized

2018-09-26 00:41:28 - [MESSAGE][PASSED] - Current window maximized

2018-09-26 00:41:28 - [TEST_STEP][PASSED] - Statement - text = com.kms.katalon.core.webui.keyword.WebUiBuiltInKeywords.getUrl().substring(0, 5): Current window's url is: 'https://app.convo.com/app/login/?redirect=https%3A%2F%2Fapp.convo.com%2F'

2018-09-26 00:41:28 - [MESSAGE][PASSED] - Current window's url is: 'https://app.convo.com/app/login/?redirect=https%3A%2F%2Fapp.convo.com%2F'

2018-09-26 00:41:28 - [TEST_STEP][PASSED] - Statement - assert text == "https": null

2018-09-26 00:41:28 - [TEST_STEP][PASSED] - sendKeys: Keys 'mobeen.atif@convo.com' sent to object: 'Object Repository/Login Objects/Email Address'

2018-09-26 00:41:28 - [MESSAGE][PASSED] - Keys 'mobeen.atif@convo.com' sent to object: 'Object Repository/Login Objects/Email Address'

2018-09-26 00:41:28 - [TEST_STEP][PASSED] - sendKeys: Keys 'Kabul@123' sent to object: 'Object Repository/Login Objects/Password'

2018-09-26 00:41:28 - [MESSAGE][PASSED] - Keys 'Kabul@123' sent to object: 'Object Repository/Login Objects/Password'

2018-09-26 00:41:28 - [TEST_STEP][PASSED] - click: Object: 'Object Repository/Login Objects/Loginbutton' is clicked on

2018-09-26 00:41:31 - [MESSAGE][PASSED] - Object: 'Object Repository/Login Objects/Loginbutton' is clicked on

2018-09-26 00:41:31 - [TEST_STEP][PASSED] - waitForElementVisible: Object 'Object Repository/Public and Private groups/Private group array' is visible

2018-09-26 00:41:34 - [MESSAGE][PASSED] - Object 'Object Repository/Public and Private groups/Private group array' is visible

2018-09-26 00:41:34 - [TEST_STEP][PASSED] - waitForElementVisible: Object 'Object Repository/Public and Private groups/Public group array' is visible

2018-09-26 00:41:34 - [MESSAGE][PASSED] - Object 'Object Repository/Public and Private groups/Public group array' is visible

2018-09-26 00:41:34 - [TEST_STEP][PASSED] - delay: Delayed 20 second(s)

2018-09-26 00:41:54 - [MESSAGE][PASSED] - Delayed 20 second(s)

2018-09-26 00:41:54 - [TEST_STEP][PASSED] - Statement - driver = com.kms.katalon.core.webui.driver.DriverFactory.getWebDriver(): null

2018-09-26 00:41:54 - [TEST_STEP][PASSED] - Statement - Privategrpscount = driver.findElements(org.openqa.selenium.By.xpath("//li[contains(@bo-repeat,'group in privateGroupsArray')]")).size(): null

2018-09-26 00:41:54 - [TEST_STEP][PASSED] - Statement - println("Private Groups count is: " + Privategrpscount): null

2018-09-26 00:41:54 - [TEST_STEP][PASSED] - Statement - Publicgrpscount = driver.findElements(org.openqa.selenium.By.xpath("//li[contains(@bo-repeat,'group in publicGroupsArray')]")).size(): null

2018-09-26 00:41:54 - [TEST_STEP][PASSED] - Statement - println("Public Groups count is: " + Publicgrpscount): null

2018-09-26 00:41:54 - [TEST_STEP][PASSED] - closeBrowser: Browser is closed

2018-09-26 00:41:55 - [MESSAGE][PASSED] - Browser is closed]]></system-out>
         <system-err><![CDATA[]]></system-err>
      </testcase>
      <testcase name="Test Cases/Product Notification get call" classname="Test Cases/Product Notification get call" status="PASSED">
         <system-out><![CDATA[2018-09-26 00:41:55 - [TEST_CASE][PASSED] - Test Cases/Product Notification get call: Test Cases/Product Notification get call

2018-09-26 00:41:55 - [TEST_STEP][PASSED] - openBrowser: Browser is opened with url: ''

2018-09-26 00:41:57 - [MESSAGE][PASSED] - Browser is opened with url: ''

2018-09-26 00:41:57 - [TEST_STEP][PASSED] - navigateToUrl: Navigate to 'https://app.convo.com/app/login/?redirect=https%3A%2F%2Fapp.convo.com%2F' successfully

2018-09-26 00:42:06 - [MESSAGE][PASSED] - Navigate to 'https://app.convo.com/app/login/?redirect=https%3A%2F%2Fapp.convo.com%2F' successfully

2018-09-26 00:42:06 - [TEST_STEP][PASSED] - maximizeWindow: Current window maximized

2018-09-26 00:42:07 - [MESSAGE][PASSED] - Current window maximized

2018-09-26 00:42:07 - [TEST_STEP][PASSED] - Statement - text = com.kms.katalon.core.webui.keyword.WebUiBuiltInKeywords.getUrl().substring(0, 5): Current window's url is: 'https://app.convo.com/app/login/?redirect=https%3A%2F%2Fapp.convo.com%2F'

2018-09-26 00:42:07 - [MESSAGE][PASSED] - Current window's url is: 'https://app.convo.com/app/login/?redirect=https%3A%2F%2Fapp.convo.com%2F'

2018-09-26 00:42:07 - [TEST_STEP][PASSED] - Statement - assert text == "https": null

2018-09-26 00:42:07 - [TEST_STEP][PASSED] - sendKeys: Keys 'mobeen.atif@convo.com' sent to object: 'Object Repository/Login Objects/Email Address'

2018-09-26 00:42:08 - [MESSAGE][PASSED] - Keys 'mobeen.atif@convo.com' sent to object: 'Object Repository/Login Objects/Email Address'

2018-09-26 00:42:08 - [TEST_STEP][PASSED] - sendKeys: Keys 'Kabul@123' sent to object: 'Object Repository/Login Objects/Password'

2018-09-26 00:42:08 - [MESSAGE][PASSED] - Keys 'Kabul@123' sent to object: 'Object Repository/Login Objects/Password'

2018-09-26 00:42:08 - [TEST_STEP][PASSED] - click: Object: 'Object Repository/Login Objects/Loginbutton' is clicked on

2018-09-26 00:42:11 - [MESSAGE][PASSED] - Object: 'Object Repository/Login Objects/Loginbutton' is clicked on

2018-09-26 00:42:11 - [TEST_STEP][PASSED] - delay: Delayed 20 second(s)

2018-09-26 00:42:31 - [MESSAGE][PASSED] - Delayed 20 second(s)

2018-09-26 00:42:31 - [TEST_STEP][PASSED] - waitForElementVisible: Object 'Object Repository/Product notification call/bell hit area' is visible

2018-09-26 00:42:31 - [MESSAGE][PASSED] - Object 'Object Repository/Product notification call/bell hit area' is visible

2018-09-26 00:42:31 - [TEST_STEP][PASSED] - click: Object: 'Object Repository/Product notification call/bell hit area' is clicked on

2018-09-26 00:42:31 - [MESSAGE][PASSED] - Object: 'Object Repository/Product notification call/bell hit area' is clicked on

2018-09-26 00:42:31 - [TEST_STEP][PASSED] - closeBrowser: Browser is closed

2018-09-26 00:42:32 - [MESSAGE][PASSED] - Browser is closed]]></system-out>
         <system-err><![CDATA[]]></system-err>
      </testcase>
      <system-out><![CDATA[2018-09-26 00:40:01 - [TEST_SUITE][PASSED] - SampleTestCasesProd: Test Cases/Product Notification get call]]></system-out>
      <system-err><![CDATA[]]></system-err>
   </testsuite>
</testsuites>
